<?xml version="1.0" encoding="UTF-8"?>
<!-- Generated by org.testng.reporters.JUnitXMLReporter -->
<testsuite hostname="DESKTOP-7MBOESH" name="paymentsAPI" tests="9" failures="0" timestamp="4 Aug 2021 22:28:47 GMT" time="13.663" errors="0">
  <testcase name="postJWTRequest" time="3.411" classname="com.modularbank.payments.api.invoker.PaymentsPostTestCases"/>
  <testcase name="getAccountDetails" time="1.043" classname="com.modularbank.payments.api.invoker.PaymentsGetTestCases"/>
  <testcase name="postCreateCustomer" time="1.41" classname="com.modularbank.payments.api.invoker.PaymentsPostTestCases"/>
  <testcase name="getAccountBalances" time="0.961" classname="com.modularbank.payments.api.invoker.PaymentsGetTestCases"/>
  <testcase name="postCreateAccount" time="1.596" classname="com.modularbank.payments.api.invoker.PaymentsPostTestCases"/>
  <testcase name="getAccountStatement" time="0.949" classname="com.modularbank.payments.api.invoker.PaymentsGetTestCases"/>
  <testcase name="postTransactions" time="1.179" classname="com.modularbank.payments.api.invoker.PaymentsPostTestCases"/>
  <testcase name="postPayment" time="1.808" classname="com.modularbank.payments.api.invoker.PaymentsPostTestCases"/>
  <testcase name="confirmPayment" time="1.281" classname="com.modularbank.payments.api.invoker.PaymentsPostTestCases"/>
</testsuite> <!-- paymentsAPI -->
