<?xml version="1.0" encoding="UTF-8"?>
<!-- Generated by org.testng.reporters.JUnitXMLReporter -->
<testsuite hostname="DESKTOP-7MBOESH" name="paymentsAPI" tests="9" failures="0" timestamp="4 Aug 2021 10:39:24 GMT" time="13.971" errors="0">
  <testcase name="postJWTRequest" time="3.378" classname="com.modularbank.payments.api.invoker.PaymentsPostTestCases"/>
  <testcase name="getAccountDetails" time="1.025" classname="com.modularbank.payments.api.invoker.PaymentsGetTestCases"/>
  <testcase name="postCreateCustomer" time="1.512" classname="com.modularbank.payments.api.invoker.PaymentsPostTestCases"/>
  <testcase name="getAccountBalances" time="0.975" classname="com.modularbank.payments.api.invoker.PaymentsGetTestCases"/>
  <testcase name="postCreateAccount" time="1.362" classname="com.modularbank.payments.api.invoker.PaymentsPostTestCases"/>
  <testcase name="getAccountStatement" time="0.961" classname="com.modularbank.payments.api.invoker.PaymentsGetTestCases"/>
  <testcase name="postTransactions" time="1.501" classname="com.modularbank.payments.api.invoker.PaymentsPostTestCases"/>
  <testcase name="postPayment" time="1.96" classname="com.modularbank.payments.api.invoker.PaymentsPostTestCases"/>
  <testcase name="confirmPayment" time="1.274" classname="com.modularbank.payments.api.invoker.PaymentsPostTestCases"/>
</testsuite> <!-- paymentsAPI -->
